<?xml version="1.0" encoding="UTF-8"?>
<!-- Generated by org.testng.reporters.JUnitReportReporter -->
<testsuite hostname="DESKTOP-DNPUUSR" failures="0" tests="3" name="api.tests.userTest.GetUserTests" time="3.861" errors="0" timestamp="2025-06-06T19:41:34 IST" skipped="0">
  <testcase classname="api.tests.userTest.GetUserTests" name="TC003" time="1.479"/>
  <testcase classname="api.tests.userTest.GetUserTests" name="TC004" time="1.110"/>
  <testcase classname="api.tests.userTest.GetUserTests" name="TC005" time="1.272"/>
</testsuite> <!-- api.tests.userTest.GetUserTests -->
