<?xml version="1.0" encoding="UTF-8"?>
<!-- Generated by org.testng.reporters.JUnitReportReporter -->
<testsuite hostname="DESKTOP-DNPUUSR" failures="0" tests="2" name="api.tests.userTest.CreateUserTests" time="5.592" errors="0" timestamp="2025-06-04T18:57:53 IST" skipped="0">
  <testcase classname="api.tests.userTest.CreateUserTests" name="TC001" time="4.411"/>
  <testcase classname="api.tests.userTest.CreateUserTests" name="TC002" time="1.181"/>
</testsuite> <!-- api.tests.userTest.CreateUserTests -->
