<?xml version="1.0" encoding="UTF-8"?>
<!-- Generated by org.testng.reporters.JUnitReportReporter -->
<testsuite hostname="DESKTOP-DNPUUSR" failures="0" tests="3" name="api.tests.userTest.UpdateUserTests" time="3.380" errors="0" timestamp="2025-06-04T18:57:53 IST" skipped="0">
  <testcase classname="api.tests.userTest.UpdateUserTests" name="TC006" time="1.130"/>
  <testcase classname="api.tests.userTest.UpdateUserTests" name="TC007" time="1.124"/>
  <testcase classname="api.tests.userTest.UpdateUserTests" name="TC008" time="1.126"/>
</testsuite> <!-- api.tests.userTest.UpdateUserTests -->
