<?xml version="1.0" encoding="UTF-8"?>
<!-- Generated by org.testng.reporters.JUnitReportReporter -->
<testsuite hostname="DESKTOP-DNPUUSR" failures="0" tests="3" name="api.tests.userTest.DeleteUserTests" time="3.526" errors="0" timestamp="2025-06-04T18:57:53 IST" skipped="0">
  <testcase classname="api.tests.userTest.DeleteUserTests" name="TC009" time="1.291"/>
  <testcase classname="api.tests.userTest.DeleteUserTests" name="TC010" time="1.147"/>
  <testcase classname="api.tests.userTest.DeleteUserTests" name="TC011" time="1.088"/>
</testsuite> <!-- api.tests.userTest.DeleteUserTests -->
