<?xml version="1.0" encoding="UTF-8"?>
<!-- Generated by org.testng.reporters.JUnitReportReporter -->
<testsuite hostname="DESKTOP-DNPUUSR" failures="0" tests="3" name="api.tests.userTest.GetUserTests" time="3.705" errors="0" timestamp="2025-06-04T18:57:53 IST" skipped="0">
  <testcase classname="api.tests.userTest.GetUserTests" name="TC003" time="1.415"/>
  <testcase classname="api.tests.userTest.GetUserTests" name="TC004" time="1.187"/>
  <testcase classname="api.tests.userTest.GetUserTests" name="TC005" time="1.103"/>
</testsuite> <!-- api.tests.userTest.GetUserTests -->
