<?xml version="1.0" encoding="UTF-8"?>
<!-- Generated by org.testng.reporters.JUnitReportReporter -->
<testsuite hostname="DESKTOP-DNPUUSR" failures="0" tests="3" name="api.tests.userTest.UpdateUserTests" time="3.577" errors="0" timestamp="2025-06-06T19:41:34 IST" skipped="0">
  <testcase classname="api.tests.userTest.UpdateUserTests" name="TC006" time="1.248"/>
  <testcase classname="api.tests.userTest.UpdateUserTests" name="TC007" time="1.143"/>
  <testcase classname="api.tests.userTest.UpdateUserTests" name="TC008" time="1.186"/>
</testsuite> <!-- api.tests.userTest.UpdateUserTests -->
