<?xml version="1.0" encoding="UTF-8"?>
<!-- Generated by org.testng.reporters.JUnitReportReporter -->
<testsuite hostname="DESKTOP-DNPUUSR" failures="0" tests="3" name="api.tests.userTest.DeleteUserTests" time="3.482" errors="0" timestamp="2025-06-06T19:41:34 IST" skipped="0">
  <testcase classname="api.tests.userTest.DeleteUserTests" name="TC009" time="1.153"/>
  <testcase classname="api.tests.userTest.DeleteUserTests" name="TC010" time="1.188"/>
  <testcase classname="api.tests.userTest.DeleteUserTests" name="TC011" time="1.141"/>
</testsuite> <!-- api.tests.userTest.DeleteUserTests -->
