<?xml version="1.0" encoding="UTF-8"?>
<!-- Generated by org.testng.reporters.JUnitReportReporter -->
<testsuite hostname="DESKTOP-DNPUUSR" failures="0" tests="6" name="api.tests.userTest.DDTests" time="9.217" errors="0" timestamp="2025-06-05T23:00:41 IST" skipped="0">
  <testcase classname="api.tests.userTest.DDTests" name="createUser" time="3.382"/>
  <testcase classname="api.tests.userTest.DDTests" name="createUser" time="1.154"/>
  <testcase classname="api.tests.userTest.DDTests" name="createUser" time="1.103"/>
  <testcase classname="api.tests.userTest.DDTests" name="deleteUser" time="1.156"/>
  <testcase classname="api.tests.userTest.DDTests" name="deleteUser" time="1.191"/>
  <testcase classname="api.tests.userTest.DDTests" name="deleteUser" time="1.231"/>
</testsuite> <!-- api.tests.userTest.DDTests -->
