<?xml version="1.0" encoding="UTF-8"?>
<!-- Generated by org.testng.reporters.JUnitReportReporter -->
<testsuite hostname="DESKTOP-DNPUUSR" failures="0" tests="3" name="api.tests.userTest.GetUserTests" time="3.827" errors="0" timestamp="2025-06-08T23:13:09 IST" skipped="0">
  <testcase classname="api.tests.userTest.GetUserTests" name="TC003" time="1.536"/>
  <testcase classname="api.tests.userTest.GetUserTests" name="TC004" time="1.142"/>
  <testcase classname="api.tests.userTest.GetUserTests" name="TC005" time="1.149"/>
</testsuite> <!-- api.tests.userTest.GetUserTests -->
