<?xml version="1.0" encoding="UTF-8"?>
<!-- Generated by org.testng.reporters.JUnitReportReporter -->
<testsuite hostname="DESKTOP-DNPUUSR" failures="0" tests="3" name="api.tests.userTest.DeleteUserTests" time="3.615" errors="0" timestamp="2025-06-06T23:22:32 IST" skipped="0">
  <testcase classname="api.tests.userTest.DeleteUserTests" name="TC009" time="1.160"/>
  <testcase classname="api.tests.userTest.DeleteUserTests" name="TC010" time="1.260"/>
  <testcase classname="api.tests.userTest.DeleteUserTests" name="TC011" time="1.195"/>
</testsuite> <!-- api.tests.userTest.DeleteUserTests -->
