<?xml version="1.0" encoding="UTF-8"?>
<!-- Generated by org.testng.reporters.JUnitReportReporter -->
<testsuite hostname="DESKTOP-DNPUUSR" failures="0" tests="3" name="api.tests.userTest.UpdateUserTests" time="3.462" errors="0" timestamp="2025-06-08T23:13:09 IST" skipped="0">
  <testcase classname="api.tests.userTest.UpdateUserTests" name="TC006" time="1.201"/>
  <testcase classname="api.tests.userTest.UpdateUserTests" name="TC007" time="1.139"/>
  <testcase classname="api.tests.userTest.UpdateUserTests" name="TC008" time="1.122"/>
</testsuite> <!-- api.tests.userTest.UpdateUserTests -->
