<?xml version="1.0" encoding="UTF-8"?>
<!-- Generated by org.testng.reporters.JUnitReportReporter -->
<testsuite hostname="DESKTOP-DNPUUSR" failures="0" tests="3" name="api.tests.userTest.GetUserTests" time="3.954" errors="0" timestamp="2025-06-06T23:22:32 IST" skipped="0">
  <testcase classname="api.tests.userTest.GetUserTests" name="TC003" time="1.576"/>
  <testcase classname="api.tests.userTest.GetUserTests" name="TC004" time="1.188"/>
  <testcase classname="api.tests.userTest.GetUserTests" name="TC005" time="1.190"/>
</testsuite> <!-- api.tests.userTest.GetUserTests -->
