<?xml version="1.0" encoding="UTF-8"?>
<!-- Generated by org.testng.reporters.JUnitReportReporter -->
<testsuite hostname="DESKTOP-DNPUUSR" failures="0" tests="3" name="api.tests.userTest.DeleteUserTests" time="3.874" errors="0" timestamp="2025-06-08T23:13:09 IST" skipped="0">
  <testcase classname="api.tests.userTest.DeleteUserTests" name="TC009" time="1.212"/>
  <testcase classname="api.tests.userTest.DeleteUserTests" name="TC010" time="1.340"/>
  <testcase classname="api.tests.userTest.DeleteUserTests" name="TC011" time="1.322"/>
</testsuite> <!-- api.tests.userTest.DeleteUserTests -->
