<?xml version="1.0" encoding="UTF-8"?>
<!-- Generated by org.testng.reporters.JUnitReportReporter -->
<testsuite hostname="DESKTOP-DNPUUSR" failures="0" tests="2" name="api.tests.userTest.CreateUserTests" time="6.048" errors="0" timestamp="2025-06-08T23:13:09 IST" skipped="0">
  <testcase classname="api.tests.userTest.CreateUserTests" name="TC001" time="4.818"/>
  <testcase classname="api.tests.userTest.CreateUserTests" name="TC002" time="1.230"/>
</testsuite> <!-- api.tests.userTest.CreateUserTests -->
